{"/Users/medahenna/personal/Weather-app/src/app.js": {"path":"/Users/medahenna/personal/Weather-app/src/app.js","statementMap":{"0":{"start":{"line":9,"column":19},"end":{"line":10,"column":20}},"1":{"start":{"line":11,"column":18},"end":{"line":11,"column":42}},"2":{"start":{"line":14,"column":18},"end":{"line":14,"column":51}},"3":{"start":{"line":15,"column":18},"end":{"line":15,"column":60}},"4":{"start":{"line":16,"column":21},"end":{"line":16,"column":66}},"5":{"start":{"line":18,"column":12},"end":{"line":18,"column":21}},"6":{"start":{"line":19,"column":13},"end":{"line":19,"column":37}},"7":{"start":{"line":22,"column":0},"end":{"line":22,"column":29}},"8":{"start":{"line":23,"column":0},"end":{"line":23,"column":27}},"9":{"start":{"line":24,"column":0},"end":{"line":24,"column":34}},"10":{"start":{"line":27,"column":0},"end":{"line":27,"column":34}},"11":{"start":{"line":29,"column":0},"end":{"line":34,"column":2}},"12":{"start":{"line":30,"column":4},"end":{"line":33,"column":6}},"13":{"start":{"line":36,"column":0},"end":{"line":49,"column":2}},"14":{"start":{"line":38,"column":4},"end":{"line":47,"column":5}},"15":{"start":{"line":39,"column":8},"end":{"line":41,"column":10}},"16":{"start":{"line":43,"column":8},"end":{"line":46,"column":10}},"17":{"start":{"line":51,"column":0},"end":{"line":56,"column":2}},"18":{"start":{"line":52,"column":4},"end":{"line":55,"column":6}},"19":{"start":{"line":58,"column":0},"end":{"line":64,"column":2}},"20":{"start":{"line":59,"column":4},"end":{"line":63,"column":6}},"21":{"start":{"line":66,"column":0},"end":{"line":94,"column":2}},"22":{"start":{"line":67,"column":4},"end":{"line":89,"column":5}},"23":{"start":{"line":68,"column":8},"end":{"line":70,"column":10}},"24":{"start":{"line":72,"column":8},"end":{"line":87,"column":10}},"25":{"start":{"line":73,"column":12},"end":{"line":86,"column":13}},"26":{"start":{"line":74,"column":16},"end":{"line":74,"column":35}},"27":{"start":{"line":76,"column":16},"end":{"line":85,"column":18}},"28":{"start":{"line":77,"column":20},"end":{"line":79,"column":21}},"29":{"start":{"line":78,"column":24},"end":{"line":78,"column":43}},"30":{"start":{"line":81,"column":20},"end":{"line":84,"column":22}},"31":{"start":{"line":96,"column":0},"end":{"line":98,"column":2}},"32":{"start":{"line":97,"column":4},"end":{"line":97,"column":24}},"33":{"start":{"line":100,"column":0},"end":{"line":102,"column":2}},"34":{"start":{"line":101,"column":4},"end":{"line":101,"column":24}},"35":{"start":{"line":104,"column":0},"end":{"line":108,"column":2}},"36":{"start":{"line":105,"column":4},"end":{"line":107,"column":6}},"37":{"start":{"line":110,"column":0},"end":{"line":114,"column":2}},"38":{"start":{"line":111,"column":4},"end":{"line":113,"column":6}},"39":{"start":{"line":116,"column":0},"end":{"line":118,"column":2}},"40":{"start":{"line":117,"column":4},"end":{"line":117,"column":31}}},"fnMap":{"0":{"name":"(anonymous_0)","decl":{"start":{"line":29,"column":12},"end":{"line":29,"column":13}},"loc":{"start":{"line":29,"column":26},"end":{"line":34,"column":1}},"line":29},"1":{"name":"(anonymous_1)","decl":{"start":{"line":36,"column":21},"end":{"line":36,"column":22}},"loc":{"start":{"line":36,"column":35},"end":{"line":49,"column":1}},"line":36},"2":{"name":"(anonymous_2)","decl":{"start":{"line":51,"column":18},"end":{"line":51,"column":19}},"loc":{"start":{"line":51,"column":32},"end":{"line":56,"column":1}},"line":51},"3":{"name":"(anonymous_3)","decl":{"start":{"line":58,"column":17},"end":{"line":58,"column":18}},"loc":{"start":{"line":58,"column":31},"end":{"line":64,"column":1}},"line":58},"4":{"name":"(anonymous_4)","decl":{"start":{"line":66,"column":20},"end":{"line":66,"column":21}},"loc":{"start":{"line":66,"column":34},"end":{"line":94,"column":1}},"line":66},"5":{"name":"(anonymous_5)","decl":{"start":{"line":72,"column":35},"end":{"line":72,"column":36}},"loc":{"start":{"line":72,"column":52},"end":{"line":87,"column":9}},"line":72},"6":{"name":"(anonymous_6)","decl":{"start":{"line":76,"column":31},"end":{"line":76,"column":32}},"loc":{"start":{"line":76,"column":56},"end":{"line":85,"column":17}},"line":76},"7":{"name":"(anonymous_7)","decl":{"start":{"line":96,"column":19},"end":{"line":96,"column":20}},"loc":{"start":{"line":96,"column":33},"end":{"line":98,"column":1}},"line":96},"8":{"name":"(anonymous_8)","decl":{"start":{"line":100,"column":19},"end":{"line":100,"column":20}},"loc":{"start":{"line":100,"column":33},"end":{"line":102,"column":1}},"line":100},"9":{"name":"(anonymous_9)","decl":{"start":{"line":104,"column":19},"end":{"line":104,"column":20}},"loc":{"start":{"line":104,"column":33},"end":{"line":108,"column":1}},"line":104},"10":{"name":"(anonymous_10)","decl":{"start":{"line":110,"column":13},"end":{"line":110,"column":14}},"loc":{"start":{"line":110,"column":27},"end":{"line":114,"column":1}},"line":110},"11":{"name":"(anonymous_11)","decl":{"start":{"line":116,"column":17},"end":{"line":116,"column":18}},"loc":{"start":{"line":116,"column":23},"end":{"line":118,"column":1}},"line":116}},"branchMap":{"0":{"loc":{"start":{"line":19,"column":13},"end":{"line":19,"column":37}},"type":"binary-expr","locations":[{"start":{"line":19,"column":13},"end":{"line":19,"column":29}},{"start":{"line":19,"column":33},"end":{"line":19,"column":37}}],"line":19},"1":{"loc":{"start":{"line":38,"column":4},"end":{"line":47,"column":5}},"type":"if","locations":[{"start":{"line":38,"column":4},"end":{"line":47,"column":5}},{"start":{"line":42,"column":11},"end":{"line":47,"column":5}}],"line":38},"2":{"loc":{"start":{"line":67,"column":4},"end":{"line":89,"column":5}},"type":"if","locations":[{"start":{"line":67,"column":4},"end":{"line":89,"column":5}},{"start":{"line":71,"column":11},"end":{"line":89,"column":5}}],"line":67},"3":{"loc":{"start":{"line":73,"column":12},"end":{"line":86,"column":13}},"type":"if","locations":[{"start":{"line":73,"column":12},"end":{"line":86,"column":13}},{"start":{"line":75,"column":19},"end":{"line":86,"column":13}}],"line":73},"4":{"loc":{"start":{"line":77,"column":20},"end":{"line":79,"column":21}},"type":"if","locations":[{"start":{"line":77,"column":20},"end":{"line":79,"column":21}},{"start":{},"end":{}}],"line":77}},"s":{"0":0,"1":0,"2":0,"3":0,"4":0,"5":0,"6":0,"7":0,"8":0,"9":0,"10":0,"11":0,"12":0,"13":0,"14":0,"15":0,"16":0,"17":0,"18":0,"19":0,"20":0,"21":0,"22":0,"23":0,"24":0,"25":0,"26":0,"27":0,"28":0,"29":0,"30":0,"31":0,"32":0,"33":0,"34":0,"35":0,"36":0,"37":0,"38":0,"39":0,"40":0},"f":{"0":0,"1":0,"2":0,"3":0,"4":0,"5":0,"6":0,"7":0,"8":0,"9":0,"10":0,"11":0},"b":{"0":[0,0],"1":[0,0],"2":[0,0],"3":[0,0],"4":[0,0]},"inputSourceMap":null}
,"/Users/medahenna/personal/Weather-app/src/utils/forecast.js": {"path":"/Users/medahenna/personal/Weather-app/src/utils/forecast.js","statementMap":{"0":{"start":{"line":3,"column":17},"end":{"line":15,"column":1}},"1":{"start":{"line":4,"column":16},"end":{"line":4,"column":133}},"2":{"start":{"line":6,"column":4},"end":{"line":14,"column":6}},"3":{"start":{"line":7,"column":8},"end":{"line":13,"column":9}},"4":{"start":{"line":8,"column":12},"end":{"line":8,"column":71}},"5":{"start":{"line":9,"column":15},"end":{"line":13,"column":9}},"6":{"start":{"line":10,"column":12},"end":{"line":10,"column":58}},"7":{"start":{"line":12,"column":12},"end":{"line":12,"column":223}}},"fnMap":{"0":{"name":"(anonymous_0)","decl":{"start":{"line":3,"column":17},"end":{"line":3,"column":18}},"loc":{"start":{"line":3,"column":56},"end":{"line":15,"column":1}},"line":3},"1":{"name":"(anonymous_1)","decl":{"start":{"line":6,"column":38},"end":{"line":6,"column":39}},"loc":{"start":{"line":6,"column":59},"end":{"line":14,"column":5}},"line":6}},"branchMap":{"0":{"loc":{"start":{"line":7,"column":8},"end":{"line":13,"column":9}},"type":"if","locations":[{"start":{"line":7,"column":8},"end":{"line":13,"column":9}},{"start":{"line":9,"column":15},"end":{"line":13,"column":9}}],"line":7},"1":{"loc":{"start":{"line":9,"column":15},"end":{"line":13,"column":9}},"type":"if","locations":[{"start":{"line":9,"column":15},"end":{"line":13,"column":9}},{"start":{"line":11,"column":15},"end":{"line":13,"column":9}}],"line":9}},"s":{"0":0,"1":0,"2":0,"3":0,"4":0,"5":0,"6":0,"7":0},"f":{"0":0,"1":0},"b":{"0":[0,0],"1":[0,0]},"inputSourceMap":null}
,"/Users/medahenna/personal/Weather-app/src/utils/geocode.js": {"path":"/Users/medahenna/personal/Weather-app/src/utils/geocode.js","statementMap":{"0":{"start":{"line":3,"column":16},"end":{"line":20,"column":1}},"1":{"start":{"line":4,"column":16},"end":{"line":4,"column":222}},"2":{"start":{"line":6,"column":4},"end":{"line":19,"column":6}},"3":{"start":{"line":8,"column":8},"end":{"line":18,"column":9}},"4":{"start":{"line":9,"column":12},"end":{"line":9,"column":74}},"5":{"start":{"line":10,"column":15},"end":{"line":18,"column":9}},"6":{"start":{"line":11,"column":12},"end":{"line":11,"column":78}},"7":{"start":{"line":13,"column":12},"end":{"line":17,"column":14}}},"fnMap":{"0":{"name":"(anonymous_0)","decl":{"start":{"line":3,"column":16},"end":{"line":3,"column":17}},"loc":{"start":{"line":3,"column":39},"end":{"line":20,"column":1}},"line":3},"1":{"name":"(anonymous_1)","decl":{"start":{"line":6,"column":38},"end":{"line":6,"column":39}},"loc":{"start":{"line":6,"column":59},"end":{"line":19,"column":5}},"line":6}},"branchMap":{"0":{"loc":{"start":{"line":8,"column":8},"end":{"line":18,"column":9}},"type":"if","locations":[{"start":{"line":8,"column":8},"end":{"line":18,"column":9}},{"start":{"line":10,"column":15},"end":{"line":18,"column":9}}],"line":8},"1":{"loc":{"start":{"line":10,"column":15},"end":{"line":18,"column":9}},"type":"if","locations":[{"start":{"line":10,"column":15},"end":{"line":18,"column":9}},{"start":{"line":12,"column":15},"end":{"line":18,"column":9}}],"line":10}},"s":{"0":0,"1":0,"2":0,"3":0,"4":0,"5":0,"6":0,"7":0},"f":{"0":0,"1":0},"b":{"0":[0,0],"1":[0,0]},"inputSourceMap":null}
,"/Users/medahenna/personal/Weather-app/src/utils/string.js": {"path":"/Users/medahenna/personal/Weather-app/src/utils/string.js","statementMap":{"0":{"start":{"line":1,"column":32},"end":{"line":3,"column":1}},"1":{"start":{"line":2,"column":2},"end":{"line":2,"column":52}}},"fnMap":{"0":{"name":"(anonymous_0)","decl":{"start":{"line":1,"column":32},"end":{"line":1,"column":33}},"loc":{"start":{"line":1,"column":41},"end":{"line":3,"column":1}},"line":1}},"branchMap":{},"s":{"0":1,"1":1},"f":{"0":1},"b":{},"inputSourceMap":null,"_coverageSchema":"1a1c01bbd47fc00a2c39e90264f33305004495a9","hash":"f11ba31e85f006b7df5074b1dde7bc35d7020831"}
}
